<?xml version="1.0" encoding="utf-8"?><testsuites><testsuite name="pytest" errors="0" failures="0" skipped="0" tests="4" time="17.150" timestamp="2022-07-24T15:07:11.395675" hostname="kacpers-macbook-air.home"><testcase classname="test_HomePage.TestHomePage" name="test_formSubmission[getData0]" time="5.219" /><testcase classname="test_HomePage.TestHomePage" name="test_formSubmission[getData1]" time="0.498" /><testcase classname="test_HomePage.TestHomePage" name="test_formSubmission[getData2]" time="0.628" /><testcase classname="test_e2e.TestOne" name="test_e2e" time="10.786" /></testsuite></testsuites>